13:51 - {"id":"wAvofnuFV4oo","username":"talal","password":"kimado","enabled":1} has been updated.
13:51 - {"id":"Eyx0bzNc2yxx","exchange":"binance","apiSecret":"33bb3Q7CJr48ksg4IO5Bh0181S6j5JFLDFDOO03n6GSQXt0ZLpdOnDdQYLs53ULb","apiKey":"t40GJ27rLjzgyEzxrKSNokM6hfkNeRB3kDowoLLiSRJLWhuCfZ2e4j0qO3ho1LCr","main":0,"userId":"wAvofnuFV4oo"} has been updated.
13:52 - {"id":"wAvofnuFV4oo","username":"talal","password":"kimado","enabled":1} has been updated.
13:52 - {"id":"Eyx0bzNc2yxx","exchange":"binance","apiSecret":"33bb3Q7CJr48ksg4IO5Bh0181S6j5JFLDFDOO03n6GSQXt0ZLpdOnDdQYLs53ULb","apiKey":"t40GJ27rLjzgyEzxrKSNokM6hfkNeRB3kDowoLLiSRJLWhuCfZ2e4j0qO3ho1LCr","main":0,"userId":"wAvofnuFV4oo"} has been updated.
13:53 - {"id":"wAvofnuFV4oo","username":"talal","password":"kimado","enabled":1} has been updated.
13:53 - {"id":"Eyx0bzNc2yxx","exchange":"binance","apiSecret":"33bb3Q7CJr48ksg4IO5Bh0181S6j5JFLDFDOO03n6GSQXt0ZLpdOnDdQYLs53ULb","apiKey":"t40GJ27rLjzgyEzxrKSNokM6hfkNeRB3kDowoLLiSRJLWhuCfZ2e4j0qO3ho1LCr","main":0,"userId":"wAvofnuFV4oo"} has been updated.
13:53 - row has been added to EXCHANGE
13:53 - {"id":"wAvofnuFV4oo","username":"talal","password":"kimado","enabled":1} has been updated.
13:53 - {"id":"Eyx0bzNc2yxx","exchange":"binance","apiSecret":"33bb3Q7CJr48ksg4IO5Bh0181S6j5JFLDFDOO03n6GSQXt0ZLpdOnDdQYLs53ULb","apiKey":"t40GJ27rLjzgyEzxrKSNokM6hfkNeRB3kDowoLLiSRJLWhuCfZ2e4j0qO3ho1LCr","main":0,"userId":"wAvofnuFV4oo"} has been updated.
13:53 - {"id":"svX35offm5l8","exchange":"binancecoinm","apiSecret":"fdsl;fksd;fkdl;skf;ldsf","apiKey":"dslkdlkadl;kas;lkd","main":0,"userId":"wAvofnuFV4oo"} has been updated.
13:57 - {"id":"wAvofnuFV4oo","username":"talal","password":"kimado","enabled":1} has been updated.
13:57 - {"id":"Eyx0bzNc2yxx","exchange":"binance","apiSecret":"33bb3Q7CJr48ksg4IO5Bh0181S6j5JFLDFDOO03n6GSQXt0ZLpdOnDdQYLs53ULb","apiKey":"t40GJ27rLjzgyEzxrKSNokM6hfkNeRB3kDowoLLiSRJLWhuCfZ2e4j0qO3ho1LCr","main":0,"userId":"wAvofnuFV4oo"} has been updated.
13:58 - {"id":"wAvofnuFV4oo","username":"talal","password":"kimado","enabled":1} has been updated.
13:58 - {"id":"Eyx0bzNc2yxx","exchange":"binance","apiSecret":"33bb3Q7CJr48ksg4IO5Bh0181S6j5JFLDFDOO03n6GSQXt0ZLpdOnDdQYLs53ULb","apiKey":"t40GJ27rLjzgyEzxrKSNokM6hfkNeRB3kDowoLLiSRJLWhuCfZ2e4j0qO3ho1LCr","main":0,"userId":"wAvofnuFV4oo"} has been updated.
13:59 - {"id":"wAvofnuFV4oo","username":"talal","password":"kimado","enabled":1} has been updated.
13:59 - {"id":"Eyx0bzNc2yxx","exchange":"binance","apiSecret":"33bb3Q7CJr48ksg4IO5Bh0181S6j5JFLDFDOO03n6GSQXt0ZLpdOnDdQYLs53ULb","apiKey":"t40GJ27rLjzgyEzxrKSNokM6hfkNeRB3kDowoLLiSRJLWhuCfZ2e4j0qO3ho1LCr","main":0,"userId":"wAvofnuFV4oo"} has been updated.
14:00 - {"id":"wAvofnuFV4oo","username":"talal","password":"kimado","enabled":1} has been updated.
14:00 - {"id":"Eyx0bzNc2yxx","exchange":"binance","apiSecret":"33bb3Q7CJr48ksg4IO5Bh0181S6j5JFLDFDOO03n6GSQXt0ZLpdOnDdQYLs53ULb","apiKey":"t40GJ27rLjzgyEzxrKSNokM6hfkNeRB3kDowoLLiSRJLWhuCfZ2e4j0qO3ho1LCr","main":0,"userId":"wAvofnuFV4oo"} has been updated.
14:01 - {"id":"wAvofnuFV4oo","username":"talal","password":"kimado","enabled":1} has been updated.
14:01 - {"id":"Eyx0bzNc2yxx","exchange":"binance","apiSecret":"33bb3Q7CJr48ksg4IO5Bh0181S6j5JFLDFDOO03n6GSQXt0ZLpdOnDdQYLs53ULb","apiKey":"t40GJ27rLjzgyEzxrKSNokM6hfkNeRB3kDowoLLiSRJLWhuCfZ2e4j0qO3ho1LCr","main":0,"userId":"wAvofnuFV4oo"} has been updated.
14:01 - {"id":"wAvofnuFV4oo","username":"talal","password":"kimado","enabled":1} has been updated.
14:01 - {"id":"Eyx0bzNc2yxx","exchange":"binance","apiSecret":"33bb3Q7CJr48ksg4IO5Bh0181S6j5JFLDFDOO03n6GSQXt0ZLpdOnDdQYLs53ULb","apiKey":"t40GJ27rLjzgyEzxrKSNokM6hfkNeRB3kDowoLLiSRJLWhuCfZ2e4j0qO3ho1LCr","main":0,"userId":"wAvofnuFV4oo"} has been updated.
14:05 - {"id":"wAvofnuFV4oo","username":"talal","password":"kimado","enabled":1} has been updated.
14:05 - {"id":"Eyx0bzNc2yxx","exchange":"binance","apiSecret":"33bb3Q7CJr48ksg4IO5Bh0181S6j5JFLDFDOO03n6GSQXt0ZLpdOnDdQYLs53ULb","apiKey":"t40GJ27rLjzgyEzxrKSNokM6hfkNeRB3kDowoLLiSRJLWhuCfZ2e4j0qO3ho1LCr","main":1,"userId":"wAvofnuFV4oo"} has been updated.
14:15 - delete svX35offm5l8 from EXCHANGE succesfully
14:16 - delete Eyx0bzNc2yxs from EXCHANGE succesfully
14:16 - {"id":"wAvofnuFV4oo","username":"talal","password":"kimado","enabled":1} has been updated.
14:16 - {"id":"Eyx0bzNc2yxx","exchange":"binance","apiSecret":"33bb3Q7CJr48ksg4IO5Bh0181S6j5JFLDFDOO03n6GSQXt0ZLpdOnDdQYLs53ULb","apiKey":"t40GJ27rLjzgyEzxrKSNokM6hfkNeRB3kDowoLLiSRJLWhuCfZ2e4j0qO3ho1LCr","main":0,"userId":"wAvofnuFV4oo"} has been updated.
14:16 - {"id":"wAvofnuFV4oo","username":"talal","password":"kimado","enabled":1} has been updated.
14:16 - {"id":"Eyx0bzNc2yxx","exchange":"binance","apiSecret":"33bb3Q7CJr48ksg4IO5Bh0181S6j5JFLDFDOO03n6GSQXt0ZLpdOnDdQYLs53ULb","apiKey":"t40GJ27rLjzgyEzxrKSNokM6hfkNeRB3kDowoLLiSRJLWhuCfZ2e4j0qO3ho1LCr","main":1,"userId":"wAvofnuFV4oo"} has been updated.
14:17 - {"id":"wAvofnuFV4oo","username":"talal","password":"kimado","enabled":1} has been updated.
14:17 - {"id":"wAvofnuFV4oo","username":"talal","password":"kimado","enabled":1} has been updated.
14:17 - {"id":"Eyx0bzNc2yxx","exchange":"binance","apiSecret":"33bb3Q7CJr48ksg4IO5Bh0181S6j5JFLDFDOO03n6GSQXt0ZLpdOnDdQYLs53ULb","apiKey":"t40GJ27rLjzgyEzxrKSNokM6hfkNeRB3kDowoLLiSRJLWhuCfZ2e4j0qO3ho1LCr","main":0,"userId":"wAvofnuFV4oo"} has been updated.
14:17 - {"id":"Eyx0bzNc2yxx","exchange":"binance","apiSecret":"33bb3Q7CJr48ksg4IO5Bh0181S6j5JFLDFDOO03n6GSQXt0ZLpdOnDdQYLs53ULb","apiKey":"t40GJ27rLjzgyEzxrKSNokM6hfkNeRB3kDowoLLiSRJLWhuCfZ2e4j0qO3ho1LCr","main":1,"userId":"wAvofnuFV4oo"} has been updated.
14:21 - {"id":"wAvofnuFV4oo","username":"talal","password":"benzakour","enabled":1} has been updated.
14:21 - {"id":"Eyx0bzNc2yxx","exchange":"binance","apiSecret":"33bb3Q7CJr48ksg4IO5Bh0181S6j5JFLDFDOO03n6GSQXt0ZLpdOnDdQYLs53ULb","apiKey":"t40GJ27rLjzgyEzxrKSNokM6hfkNeRB3kDowoLLiSRJLWhuCfZ2e4j0qO3ho1LCr","main":0,"userId":"wAvofnuFV4oo"} has been updated.
14:22 - {"id":"wAvofnuFV4oo","username":"talal","password":"benzakour","enabled":1} has been updated.
14:22 - {"id":"Eyx0bzNc2yxx","exchange":"binance","apiSecret":"33bb3Q7CJr48ksg4IO5Bh0181S6j5JFLDFDOO03n6GSQXt0ZLpdOnDdQYLs53ULb","apiKey":"t40GJ27rLjzgyEzxrKSNokM6hfkNeRB3kDowoLLiSRJLWhuCfZ2e4j0qO3ho1LCr","main":1,"userId":"wAvofnuFV4oo"} has been updated.
