16:25 - {"id":"wAvofnuFV4oo","username":"talal","password":"benzakour","enabled":1} has been updated.
16:25 - {"id":"Eyx0bzNc2yxx","exchange":"binance","apiSecret":"33bb3Q7CJr48ksg4IO5Bh0181S6j5JFLDFDOO03n6GSQXt0ZLpdOnDdQYLs53ULb","apiKey":"t40GJ27rLjzgyEzxrKSNokM6hfkNeRB3kDowoLLiSRJLWhuCfZ2e4j0qO3ho1LCr","main":false,"userId":"wAvofnuFV4oo"} has been updated.
16:25 - {"id":"Eyx0bzNc2yxs","exchange":"kukoin","apiSecret":"33bb3Q7CJr48ksg4IO5Bh0181S6j5JFLDFDOO03n6GSQXt0ZLpdOnDdQYLs53ULb","apiKey":"t40GJ27rLjzgyEzxrKSNokM6hfkNeRB3kDowoLLiSRJLWhuCfZ2e4j0qO3ho1LCr","main":false,"userId":"wAvofnuFV4oo"} has been updated.
16:33 - {"id":"wAvofnuFV4oo","username":"talal","password":"kimado","enabled":1} has been updated.
16:33 - {"id":"Eyx0bzNc2yxx","exchange":"binance","apiSecret":"33bb3Q7CJr48ksg4IO5Bh0181S6j5JFLDFDOO03n6GSQXt0ZLpdOnDdQYLs53ULb","apiKey":"t40GJ27rLjzgyEzxrKSNokM6hfkNeRB3kDowoLLiSRJLWhuCfZ2e4j0qO3ho1LCr","main":false,"userId":"wAvofnuFV4oo"} has been updated.
16:33 - {"id":"Eyx0bzNc2yxs","exchange":"kukoin","apiSecret":"33bb3Q7CJr48ksg4IO5Bh0181S6j5JFLDFDOO03n6GSQXt0ZLpdOnDdQYLs53ULb","apiKey":"t40GJ27rLjzgyEzxrKSNokM6hfkNeRB3kDowoLLiSRJLWhuCfZ2e4j0qO3ho1LCr","main":true,"userId":"wAvofnuFV4oo"} has been updated.
16:36 - {"id":"wAvofnuFV4oo","username":"talal","password":"kimado","enabled":1} has been updated.
16:36 - {"id":"Eyx0bzNc2yxx","exchange":"binance","apiSecret":"33bb3Q7CJr48ksg4IO5Bh0181S6j5JFLDFDOO03n6GSQXt0ZLpdOnDdQYLs53ULb","apiKey":"t40GJ27rLjzgyEzxrKSNokM6hfkNeRB3kDowoLLiSRJLWhuCfZ2e4j0qO3ho1LCr","main":true,"userId":"wAvofnuFV4oo"} has been updated.
16:36 - {"id":"Eyx0bzNc2yxs","exchange":"kukoin","apiSecret":"33bb3Q7CJr48ksg4IO5Bh0181S6j5JFLDFDOO03n6GSQXt0ZLpdOnDdQYLs53ULb","apiKey":"t40GJ27rLjzgyEzxrKSNokM6hfkNeRB3kDowoLLiSRJLWhuCfZ2e4j0qO3ho1LCr","main":false,"userId":"wAvofnuFV4oo"} has been updated.
16:39 - {"id":"wAvofnuFV4oo","username":"talal","password":"kimado","enabled":1} has been updated.
16:39 - {"id":"Eyx0bzNc2yxx","exchange":"binance","apiSecret":"33bb3Q7CJr48ksg4IO5Bh0181S6j5JFLDFDOO03n6GSQXt0ZLpdOnDdQYLs53ULb","apiKey":"t40GJ27rLjzgyEzxrKSNokM6hfkNeRB3kDowoLLiSRJLWhuCfZ2e4j0qO3ho1LCr","main":false,"userId":"wAvofnuFV4oo"} has been updated.
16:39 - {"id":"Eyx0bzNc2yxs","exchange":"kukoin","apiSecret":"33bb3Q7CJr48ksg4IO5Bh0181S6j5JFLDFDOO03n6GSQXt0ZLpdOnDdQYLs53ULb","apiKey":"t40GJ27rLjzgyEzxrKSNokM6hfkNeRB3kDowoLLiSRJLWhuCfZ2e4j0qO3ho1LCr","main":true,"userId":"wAvofnuFV4oo"} has been updated.
16:39 - row has been added to EXCHANGE
16:39 - {"id":"wAvofnuFV4oo","username":"talal","password":"kimado","enabled":1} has been updated.
16:39 - {"id":"Eyx0bzNc2yxx","exchange":"binance","apiSecret":"33bb3Q7CJr48ksg4IO5Bh0181S6j5JFLDFDOO03n6GSQXt0ZLpdOnDdQYLs53ULb","apiKey":"t40GJ27rLjzgyEzxrKSNokM6hfkNeRB3kDowoLLiSRJLWhuCfZ2e4j0qO3ho1LCr","main":false,"userId":"wAvofnuFV4oo"} has been updated.
16:39 - {"id":"Eyx0bzNc2yxs","exchange":"kukoin","apiSecret":"33bb3Q7CJr48ksg4IO5Bh0181S6j5JFLDFDOO03n6GSQXt0ZLpdOnDdQYLs53ULb","apiKey":"t40GJ27rLjzgyEzxrKSNokM6hfkNeRB3kDowoLLiSRJLWhuCfZ2e4j0qO3ho1LCr","main":false,"userId":"wAvofnuFV4oo"} has been updated.
16:39 - {"id":"rM6ZJT4wEtRo","exchange":"binanceus","apiSecret":"sdf.kjfklsdfjldkfs","apiKey":"dsakljdlskjfddlskjf","main":true,"userId":"wAvofnuFV4oo"} has been updated.
16:44 - {"id":"wAvofnuFV4oo","username":"talal","password":"kimado","enabled":1} has been updated.
16:44 - {"id":"Eyx0bzNc2yxx","exchange":"binance","apiSecret":"33bb3Q7CJr48ksg4IO5Bh0181S6j5JFLDFDOO03n6GSQXt0ZLpdOnDdQYLs53ULb","apiKey":"t40GJ27rLjzgyEzxrKSNokM6hfkNeRB3kDowoLLiSRJLWhuCfZ2e4j0qO3ho1LCr","main":0,"userId":"wAvofnuFV4oo"} has been updated.
16:44 - {"id":"Eyx0bzNc2yxs","exchange":"kukoin","apiSecret":"33bb3Q7CJr48ksg4IO5Bh0181S6j5JFLDFDOO03n6GSQXt0ZLpdOnDdQYLs53ULb","apiKey":"t40GJ27rLjzgyEzxrKSNokM6hfkNeRB3kDowoLLiSRJLWhuCfZ2e4j0qO3ho1LCr","main":1,"userId":"wAvofnuFV4oo"} has been updated.
16:44 - {"id":"rM6ZJT4wEtRo","exchange":"binanceus","apiSecret":"sdf.kjfklsdfjldkfs","apiKey":"dsakljdlskjfddlskjf","main":0,"userId":"wAvofnuFV4oo"} has been updated.
16:45 - {"id":"wAvofnuFV4oo","username":"talal","password":"kimado","enabled":1} has been updated.
16:45 - {"id":"Eyx0bzNc2yxx","exchange":"binance","apiSecret":"33bb3Q7CJr48ksg4IO5Bh0181S6j5JFLDFDOO03n6GSQXt0ZLpdOnDdQYLs53ULb","apiKey":"t40GJ27rLjzgyEzxrKSNokM6hfkNeRB3kDowoLLiSRJLWhuCfZ2e4j0qO3ho1LCr","main":1,"userId":"wAvofnuFV4oo"} has been updated.
16:45 - {"id":"Eyx0bzNc2yxs","exchange":"kukoin","apiSecret":"33bb3Q7CJr48ksg4IO5Bh0181S6j5JFLDFDOO03n6GSQXt0ZLpdOnDdQYLs53ULb","apiKey":"t40GJ27rLjzgyEzxrKSNokM6hfkNeRB3kDowoLLiSRJLWhuCfZ2e4j0qO3ho1LCr","main":0,"userId":"wAvofnuFV4oo"} has been updated.
16:45 - {"id":"rM6ZJT4wEtRo","exchange":"binanceus","apiSecret":"sdf.kjfklsdfjldkfs","apiKey":"dsakljdlskjfddlskjf","main":0,"userId":"wAvofnuFV4oo"} has been updated.
16:48 - {"id":"57","ticker":"","exchangeId":"","price":0,"creationDate":"","executionDate":"","amount":0,"command":"","userId":"","state":-1,"pnl":0} has been updated.
16:48 - {"id":"58","ticker":"","exchangeId":"","price":0,"creationDate":"","executionDate":"","amount":0,"command":"","userId":"","state":-1,"pnl":0} has been updated.
16:50 - {"id":"wAvofnuFV4oo","username":"talal","password":"kimado","enabled":1} has been updated.
16:50 - {"id":"Eyx0bzNc2yxx","exchange":"binance","apiSecret":"33bb3Q7CJr48ksg4IO5Bh0181S6j5JFLDFDOO03n6GSQXt0ZLpdOnDdQYLs53ULb","apiKey":"t40GJ27rLjzgyEzxrKSNokM6hfkNeRB3kDowoLLiSRJLWhuCfZ2e4j0qO3ho1LCr","main":0,"userId":"wAvofnuFV4oo"} has been updated.
16:50 - {"id":"Eyx0bzNc2yxs","exchange":"kukoin","apiSecret":"33bb3Q7CJr48ksg4IO5Bh0181S6j5JFLDFDOO03n6GSQXt0ZLpdOnDdQYLs53ULb","apiKey":"t40GJ27rLjzgyEzxrKSNokM6hfkNeRB3kDowoLLiSRJLWhuCfZ2e4j0qO3ho1LCr","main":1,"userId":"wAvofnuFV4oo"} has been updated.
17:00 - {"id":"wAvofnuFV4oo","username":"talal","password":"kimado","enabled":1} has been updated.
17:00 - {"id":"Eyx0bzNc2yxx","exchange":"binance","apiSecret":"33bb3Q7CJr48ksg4IO5Bh0181S6j5JFLDFDOO03n6GSQXt0ZLpdOnDdQYLs53ULb","apiKey":"t40GJ27rLjzgyEzxrKSNokM6hfkNeRB3kDowoLLiSRJLWhuCfZ2e4j0qO3ho1LCr","main":1,"userId":"wAvofnuFV4oo"} has been updated.
17:00 - {"id":"Eyx0bzNc2yxs","exchange":"kukoin","apiSecret":"33bb3Q7CJr48ksg4IO5Bh0181S6j5JFLDFDOO03n6GSQXt0ZLpdOnDdQYLs53ULb","apiKey":"t40GJ27rLjzgyEzxrKSNokM6hfkNeRB3kDowoLLiSRJLWhuCfZ2e4j0qO3ho1LCr","main":0,"userId":"wAvofnuFV4oo"} has been updated.
